<!DOCTYPE suite SYSTEM "http://testng.org/testng-1.0.dtd" >

<suite name="Career site test suite" verbose="1" configfailurepolicy="continue">
    <test name="Job Details Page Test">
        <classes>
            <class name="com.freeletics.www.tests.JobDetailsPageTests"></class>
        </classes>
    </test>
</suite>
